<?xml version="1.0" encoding="UTF-8"?>
<!-- Generated by org.testng.reporters.JUnitReportReporter -->
<testsuite hostname="Teja" failures="0" tests="6" name="uitesting.SevenTechnologiesSuit" time="17.679" errors="0" timestamp="2021-05-15T18:46:30 IST" skipped="5">
  <testcase classname="uitesting.SevenTechnologiesSuit" name="Notification" time="17.679"/>
  <system-out/>
  <testcase classname="uitesting.SevenTechnologiesSuit" name="AssertAlphabetEntry">
    <skipped/>
  </testcase> <!-- AssertAlphabetEntry -->
  <system-out/>
  <testcase classname="uitesting.SevenTechnologiesSuit" name="forgotPassword">
    <skipped/>
  </testcase> <!-- forgotPassword -->
  <system-out/>
  <testcase classname="uitesting.SevenTechnologiesSuit" name="imageStatusIdentifier">
    <skipped/>
  </testcase> <!-- imageStatusIdentifier -->
  <system-out/>
  <testcase classname="uitesting.SevenTechnologiesSuit" name="AssertDummyPassword">
    <skipped/>
  </testcase> <!-- AssertDummyPassword -->
  <system-out/>
  <testcase classname="uitesting.SevenTechnologiesSuit" name="SortUITable">
    <skipped/>
  </testcase> <!-- SortUITable -->
  <system-out/>
</testsuite> <!-- uitesting.SevenTechnologiesSuit -->
